<!DOCTYPE HTML PUBLIC "-//W3C//DTD HTML 4.01 Transitional//EN"
"http://www.w3.org/TR/html4/transitional.dtd">
<html><head><title>RUNIT TEST PROTOCOL--Thu Apr 23 14:05:55 2015</title>
</head>
<body><h1 TRUE>RUNIT TEST PROTOCOL--Thu Apr 23 14:05:55 2015</h1>
<p>Number of test functions: 21</p>
<p style=color:red>Number of errors: 1</p>
<p style=color:red>Number of failures: 4</p>
<hr>
<h3 TRUE>1 Test suite</h3>
<table border="1" width="60%" >
<tr><th width="30%">Name</th>
<th width="30%">Test functions</th>
<th width="20%">Errors</th>
<th width="20%">Failures</th>
</tr>
<tr><td><a href="#CNPBayes unit testing">CNPBayes unit testing</a></td>
<td>21</td>
<td bgcolor="red">1</td>
<td bgcolor="red">4</td>
</tr>
</table>
<hr>
<h3 TRUE>Errors</h3>
<table border="1" width="100%" >
<tr><th width="30%">Test suite : test function</th>
<th width="70%">message</th>
</tr>
<tr><td><a href="#CNPBayes unit testing__home_bst_student_rscharpf_Software_CNPBayes_tests_.._inst_unitTests_test_summmarizedExperiment.R_test_SummarizedExperiment">CNPBayes unit testing : test_SummarizedExperiment</a></td>
<td>Error in (function (classes, fdef, mtable)  : 
  unable to find an inherited method for function ‘Rle’ for signature ‘"factor", "numeric"’
</td>
</tr>
</table>
<hr>
<h3 TRUE>Failures</h3>
<table border="1" width="100%" >
<tr><th width="30%">Test suite : test function</th>
<th width="70%">message</th>
</tr>
<tr><td><a href="#CNPBayes unit testing__home_bst_student_rscharpf_Software_CNPBayes_tests_.._inst_unitTests_test_loglik.R_test_loglik">CNPBayes unit testing : test_loglik</a></td>
<td>Error in checkTrue(my["M4", "range"] > 5) : Test not TRUE

</td>
</tr>
<tr><td><a href="#CNPBayes unit testing__home_bst_student_rscharpf_Software_CNPBayes_tests_.._inst_unitTests_test_marginal.R_test_marginalEasy">CNPBayes unit testing : test_marginalEasy</a></td>
<td>Error in checkTrue(best(m) == 3) : Test not TRUE

</td>
</tr>
<tr><td><a href="#CNPBayes unit testing__home_bst_student_rscharpf_Software_CNPBayes_tests_.._inst_unitTests_test_simulation.R_test_simulation_batch">CNPBayes unit testing : test_simulation_batch</a></td>
<td>Error in checkTrue(best(b2) == 3) : Test not TRUE

</td>
</tr>
<tr><td><a href="#CNPBayes unit testing__home_bst_student_rscharpf_Software_CNPBayes_tests_.._inst_unitTests_test_simulation.R_test_simulation_difficult">CNPBayes unit testing : test_simulation_difficult</a></td>
<td>Error in checkTrue(best(m) == K) : Test not TRUE

</td>
</tr>
</table>
<hr>
<h3 TRUE>Details</h3>
<p><a name="CNPBayes unit testing"><h5 TRUE>Test Suite: CNPBayes unit testing</h5>
</a>Test function regexp: ^test.+<br/>Test file regexp: ^test.+\.[rR]$<br/>Involved directory:<br/>/home/bst/student/rscharpf/Software/CNPBayes/tests/../inst/unitTests<br/><ul></li></li><li><a href="/home/bst/student/rscharpf/Software/CNPBayes/tests/../inst/unitTests/test_batch.R">Test file: test_batch.R</a><ul><li><a name="CNPBayes unit testing__home_bst_student_rscharpf_Software_CNPBayes_tests_.._inst_unitTests_test_batch.R_test_batchEasy">test_batchEasy: (9 checks) ... OK (365.94 seconds)<br/></a></li><li><a name="CNPBayes unit testing__home_bst_student_rscharpf_Software_CNPBayes_tests_.._inst_unitTests_test_batch.R_test_batch_moderate">test_batch_moderate: (3 checks) ... OK (11.21 seconds)<br/></a></li><li><a name="CNPBayes unit testing__home_bst_student_rscharpf_Software_CNPBayes_tests_.._inst_unitTests_test_batch.R_test_computemeans">test_computemeans: (1 checks) ... OK (0.18 seconds)<br/></a></li><li><a name="CNPBayes unit testing__home_bst_student_rscharpf_Software_CNPBayes_tests_.._inst_unitTests_test_batch.R_test_hard3">test_hard3: (6 checks) ... OK (35.68 seconds)<br/></a></li><li><a name="CNPBayes unit testing__home_bst_student_rscharpf_Software_CNPBayes_tests_.._inst_unitTests_test_batch.R_test_missingcomponent">test_missingcomponent: (3 checks) ... OK (74.69 seconds)<br/></a></li><li><a name="CNPBayes unit testing__home_bst_student_rscharpf_Software_CNPBayes_tests_.._inst_unitTests_test_batch.R_test_twocomponent_with_substantial_overlap">test_twocomponent_with_substantial_overlap: (1 checks) ... OK (1068.07 seconds)<br/></a></li></ul></li><li><a href="/home/bst/student/rscharpf/Software/CNPBayes/tests/../inst/unitTests/test_cnpRegions.R">Test file: test_cnpRegions.R</a><ul><li><a name="CNPBayes unit testing__home_bst_student_rscharpf_Software_CNPBayes_tests_.._inst_unitTests_test_cnpRegions.R_test_cnpRegions">test_cnpRegions: (1 checks) ... OK (0.59 seconds)<br/></a></li></ul></li><li><a href="/home/bst/student/rscharpf/Software/CNPBayes/tests/../inst/unitTests/test_Constructors.R">Test file: test_Constructors.R</a><ul><li><a name="CNPBayes unit testing__home_bst_student_rscharpf_Software_CNPBayes_tests_.._inst_unitTests_test_Constructors.R_test_constructor">test_constructor: (26 checks) ... OK (0.27 seconds)<br/></a></li></ul></li></li><li><a href="/home/bst/student/rscharpf/Software/CNPBayes/tests/../inst/unitTests/test_kolmogorov.R">Test file: test_kolmogorov.R</a><ul><li><a name="CNPBayes unit testing__home_bst_student_rscharpf_Software_CNPBayes_tests_.._inst_unitTests_test_kolmogorov.R_test_KolmogorovSmirnov">test_KolmogorovSmirnov: (4 checks) ... OK (0.13 seconds)<br/></a></li></ul></li><li><a href="/home/bst/student/rscharpf/Software/CNPBayes/tests/../inst/unitTests/test_loglik.R">Test file: test_loglik.R</a><ul><li><a name="CNPBayes unit testing__home_bst_student_rscharpf_Software_CNPBayes_tests_.._inst_unitTests_test_loglik.R_test_loglik"><u style=color:red>test_loglik: FAILURE !! (check number 5)  </u></a>Error in checkTrue(my["M4", "range"] > 5) : Test not TRUE

<br/></li></ul></li><li><a href="/home/bst/student/rscharpf/Software/CNPBayes/tests/../inst/unitTests/test_marginal.R">Test file: test_marginal.R</a><ul><li><a name="CNPBayes unit testing__home_bst_student_rscharpf_Software_CNPBayes_tests_.._inst_unitTests_test_marginal.R_test_marginalEasy"><u style=color:red>test_marginalEasy: FAILURE !! (check number 9)  </u></a>Error in checkTrue(best(m) == 3) : Test not TRUE

<br/></li><li><a name="CNPBayes unit testing__home_bst_student_rscharpf_Software_CNPBayes_tests_.._inst_unitTests_test_marginal.R_test_marginal_hard">test_marginal_hard: (3 checks) ... OK (49.68 seconds)<br/></a></li><li><a name="CNPBayes unit testing__home_bst_student_rscharpf_Software_CNPBayes_tests_.._inst_unitTests_test_marginal.R_test_marginal_Moderate">test_marginal_Moderate: (3 checks) ... OK (5.55 seconds)<br/></a></li></ul></li><li><a href="/home/bst/student/rscharpf/Software/CNPBayes/tests/../inst/unitTests/test_mcmc_restart.R">Test file: test_mcmc_restart.R</a><ul><li><a name="CNPBayes unit testing__home_bst_student_rscharpf_Software_CNPBayes_tests_.._inst_unitTests_test_mcmc_restart.R_test_mcmc_restart">test_mcmc_restart: (13 checks) ... OK (0.27 seconds)<br/></a></li></ul></li><li><a href="/home/bst/student/rscharpf/Software/CNPBayes/tests/../inst/unitTests/test_plotting.R">Test file: test_plotting.R</a><ul><li><a name="CNPBayes unit testing__home_bst_student_rscharpf_Software_CNPBayes_tests_.._inst_unitTests_test_plotting.R_test_plot">test_plot: (0 checks) ... OK (4.83 seconds)<br/></a></li></ul></li><li><a href="/home/bst/student/rscharpf/Software/CNPBayes/tests/../inst/unitTests/test_probz.R">Test file: test_probz.R</a><ul><li><a name="CNPBayes unit testing__home_bst_student_rscharpf_Software_CNPBayes_tests_.._inst_unitTests_test_probz.R_test_probz">test_probz: (8 checks) ... OK (0.15 seconds)<br/></a></li></ul></li></li><li><a href="/home/bst/student/rscharpf/Software/CNPBayes/tests/../inst/unitTests/test_simulation.R">Test file: test_simulation.R</a><ul><li><a name="CNPBayes unit testing__home_bst_student_rscharpf_Software_CNPBayes_tests_.._inst_unitTests_test_simulation.R_test_simulation">test_simulation: (10 checks) ... OK (162.81 seconds)<br/></a></li><li><a name="CNPBayes unit testing__home_bst_student_rscharpf_Software_CNPBayes_tests_.._inst_unitTests_test_simulation.R_test_simulation_batch"><u style=color:red>test_simulation_batch: FAILURE !! (check number 2)  </u></a>Error in checkTrue(best(b2) == 3) : Test not TRUE

<br/></li><li><a name="CNPBayes unit testing__home_bst_student_rscharpf_Software_CNPBayes_tests_.._inst_unitTests_test_simulation.R_test_simulation_difficult"><u style=color:red>test_simulation_difficult: FAILURE !! (check number 1)  </u></a>Error in checkTrue(best(m) == K) : Test not TRUE

<br/></li><li><a name="CNPBayes unit testing__home_bst_student_rscharpf_Software_CNPBayes_tests_.._inst_unitTests_test_simulation.R_test_simulation_moderate">test_simulation_moderate: (1 checks) ... OK (76.9 seconds)<br/></a></li></ul></li><li><a href="/home/bst/student/rscharpf/Software/CNPBayes/tests/../inst/unitTests/test_summmarizedExperiment.R">Test file: test_summmarizedExperiment.R</a><ul><li><a name="CNPBayes unit testing__home_bst_student_rscharpf_Software_CNPBayes_tests_.._inst_unitTests_test_summmarizedExperiment.R_test_SummarizedExperiment"><u style=color:red>test_SummarizedExperiment: ERROR !!  </u></a>Error in (function (classes, fdef, mtable)  : 
  unable to find an inherited method for function ‘Rle’ for signature ‘"factor", "numeric"’
<br/></li></ul></li></ul><hr>
<table border="0" width="80%" >
<tr><th>Name</th>
<th>Value</th>
</tr>
<tr><td>platform</td>
<td>x86_64-unknown-linux-gnu</td>
</tr>
<tr><td>arch</td>
<td>x86_64</td>
</tr>
<tr><td>os</td>
<td>linux-gnu</td>
</tr>
<tr><td>system</td>
<td>x86_64, linux-gnu</td>
</tr>
<tr><td>status</td>
<td>Under development (unstable)</td>
</tr>
<tr><td>major</td>
<td>3</td>
</tr>
<tr><td>minor</td>
<td>3.0</td>
</tr>
<tr><td>year</td>
<td>2015</td>
</tr>
<tr><td>month</td>
<td>04</td>
</tr>
<tr><td>day</td>
<td>23</td>
</tr>
<tr><td>svn rev</td>
<td>68240</td>
</tr>
<tr><td>language</td>
<td>R</td>
</tr>
<tr><td>version.string</td>
<td>R Under development (unstable) (2015-04-23 r68240)</td>
</tr>
<tr><td>nickname</td>
<td>Unsuffered Consequences</td>
</tr>
<tr><td>host</td>
<td>compute-078</td>
</tr>
<tr><td>compiler</td>
<td>/usr/bin/g++</td>
</tr>
</table>
</body>
</html>
